2024/08/20 21:16:57 bitflyer.go:62: action= doRequest endpoint=https://api.bitflyer.com/v1/me/getbalance
2024/08/20 21:16:57 bitflyer.go:36: 1724156217
2024/08/20 21:16:57 bitflyer.go:100: url=me/getbalance resp=[{"currency_code":"JPY","amount":0.0,"available":0.0},{"currency_code":"BTC","amount":0.0,"available":0.0},{"currency_code":"ETH","amount":0.0,"available":0.0},{"currency_code":"XRP","amount":0.0,"available":0.0},{"currency_code":"SHIB","amount":0.0,"available":0.0},{"currency_code":"LSK","amount":0.0,"available":0.0},{"currency_code":"ELF","amount":0.0,"available":0.0},{"currency_code":"DOGE","amount":0.0,"available":0.0},{"currency_code":"AVAX","amount":0.0,"available":0.0},{"currency_code":"GRT","amount":0.0,"available":0.0},{"currency_code":"RNDR","amount":0.0,"available":0.0},{"currency_code":"DAI","amount":0.0,"available":0.0},{"currency_code":"CHZ","amount":0.0,"available":0.0},{"currency_code":"APE","amount":0.0,"available":0.0},{"currency_code":"IMX","amount":0.0,"available":0.0},{"currency_code":"AXS","amount":0.0,"available":0.0},{"currency_code":"MANA","amount":0.0,"available":0.0},{"currency_code":"SAND","amount":0.0,"available":0.0},{"currency_code":"PLT","amount":0.0,"available":0.0},{"currency_code":"FLR","amount":0.0,"available":0.0},{"currency_code":"ZPG","amount":0.0,"available":0.0},{"currency_code":"MATIC","amount":0.0,"available":0.0},{"currency_code":"MKR","amount":0.0,"available":0.0},{"currency_code":"XYM","amount":0.0,"available":0.0},{"currency_code":"LINK","amount":0.0,"available":0.0},{"currency_code":"DOT","amount":0.0,"available":0.0},{"currency_code":"XTZ","amount":0.0,"available":0.0},{"currency_code":"XLM","amount":0.0,"available":0.0},{"currency_code":"XEM","amount":0.0,"available":0.0},{"currency_code":"BAT","amount":0.0,"available":0.0},{"currency_code":"ETC","amount":0.0,"available":0.0},{"currency_code":"LTC","amount":0.0,"available":0.0},{"currency_code":"BCH","amount":0.0,"available":0.0},{"currency_code":"MONA","amount":0.0,"available":0.0}]
2024/08/20 21:27:22 bitflyer.go:60: action=doRequest endpoint=https://api.bitflyer.com/v1/ticker
2024/08/20 21:27:23 bitflyer.go:137: action=DateTime err=parsing time "2024-08-20T12:27:12.17" as "2006-01-02T15:04:05Z07:00": cannot parse "" as "Z07:00"
2024/08/20 21:27:23 bitflyer.go:137: action=DateTime err=parsing time "2024-08-20T12:27:12.17" as "2006-01-02T15:04:05Z07:00": cannot parse "" as "Z07:00"
2024/08/20 21:57:34 bitflyer.go:181: connecting to wss://ws.lightstream.bitflyer.com/json-rpc
2024/08/31 09:08:24 bitflyer.go:181: connecting to wss://ws.lightstream.bitflyer.com/json-rpc
2024/08/31 09:12:02 bitflyer.go:181: connecting to wss://ws.lightstream.bitflyer.com/json-rpc
2024/08/31 09:12:03 streamdate.go:17: action=StreamIngestionData, {BTC_JPY RUNNING 2024-08-31T00:12:03.1469736Z 2.1016432e+07 8.657362e+06 8.663643e+06 0.02 0.0173102 274.07504365 302.27873949 0 0 8.658509e+06 917.09124719 917.09124719}
2024/08/31 09:12:03 streamdate.go:17: action=StreamIngestionData, {BTC_JPY RUNNING 2024-08-31T00:12:03.7723234Z 2.1016447e+07 8.657364e+06 8.66364e+06 0.02 0.02 274.10798551 302.34073949 0 0 8.658509e+06 917.09124719 917.09124719}
2024/08/31 09:12:04 streamdate.go:17: action=StreamIngestionData, {BTC_JPY RUNNING 2024-08-31T00:12:04.2787164Z 2.1016459e+07 8.65737e+06 8.663637e+06 0.02 0.02 274.08798551 302.29873949 0 0 8.658509e+06 917.09124719 917.09124719}
2024/08/31 09:12:05 streamdate.go:17: action=StreamIngestionData, {BTC_JPY RUNNING 2024-08-31T00:12:05.0173021Z 2.1016477e+07 8.657372e+06 8.663647e+06 0.088 0.28376951 274.14498551 302.25922929 0 0 8.658509e+06 917.09124719 917.09124719}
2024/08/31 09:12:05 streamdate.go:17: action=StreamIngestionData, {BTC_JPY RUNNING 2024-08-31T00:12:05.6109237Z 2.1016488e+07 8.657377e+06 8.663644e+06 0.02 0.0173102 274.11761791 302.27653949 0 0 8.658509e+06 917.09124719 917.09124719}
2024/08/31 09:12:06 streamdate.go:17: action=StreamIngestionData, {BTC_JPY RUNNING 2024-08-31T00:12:06.150206Z 2.1016502e+07 8.657362e+06 8.663641e+06 0.02 0.02 274.09717381 302.29653949 0 0 8.658509e+06 917.09124719 917.09124719}
2024/08/31 09:12:06 streamdate.go:17: action=StreamIngestionData, {BTC_JPY RUNNING 2024-08-31T00:12:06.7030026Z 2.1016506e+07 8.657363e+06 8.663641e+06 0.088 0.02 274.18591321 302.27922929 0 0 8.658509e+06 917.09124719 917.09124719}
2024/08/31 09:12:07 streamdate.go:17: action=StreamIngestionData, {BTC_JPY RUNNING 2024-08-31T00:12:07.2266979Z 2.1016511e+07 8.657363e+06 8.663638e+06 0.088 0.02 274.18517381 302.29653949 0 0 8.658509e+06 917.09124719 917.09124719}
2024/08/31 09:12:08 streamdate.go:17: action=StreamIngestionData, {BTC_JPY RUNNING 2024-08-31T00:12:07.9495345Z 2.1016521e+07 8.657367e+06 8.663644e+06 0.02 0.0173102 274.10098551 302.27653949 0 0 8.658509e+06 917.09124719 917.09124719}
2024/08/31 09:12:08 streamdate.go:17: action=StreamIngestionData, {BTC_JPY RUNNING 2024-08-31T00:12:08.5797337Z 2.1016535e+07 8.657368e+06 8.663643e+06 0.02 0.0173102 274.09717381 302.27653949 0 0 8.658509e+06 917.09124719 917.09124719}
2024/08/31 09:12:09 streamdate.go:17: action=StreamIngestionData, {BTC_JPY RUNNING 2024-08-31T00:12:09.1087553Z 2.1016543e+07 8.657371e+06 8.66364e+06 0.02 0.02 274.11757001 302.29653949 0 0 8.658509e+06 917.09124719 917.09124719}
2024/08/31 09:12:09 streamdate.go:17: action=StreamIngestionData, {BTC_JPY RUNNING 2024-08-31T00:12:09.6600187Z 2.101655e+07 8.657372e+06 8.66364e+06 0.088 0.02 274.14557001 302.27922929 0 0 8.658509e+06 917.09124719 917.09124719}
2024/08/31 09:12:10 streamdate.go:17: action=StreamIngestionData, {BTC_JPY RUNNING 2024-08-31T00:12:10.2105646Z 2.1016565e+07 8.657374e+06 8.663639e+06 0.108 0.024 274.20398551 302.30053949 0 0 8.658509e+06 917.09124719 917.09124719}
2024/08/31 09:12:11 streamdate.go:17: action=StreamIngestionData, {BTC_JPY RUNNING 2024-08-31T00:12:10.8759441Z 2.1016578e+07 8.657377e+06 8.663639e+06 0.02 0.024 274.13796611 302.30053949 0 0 8.658509e+06 917.09124719 917.09124719}
2024/08/31 09:12:11 streamdate.go:17: action=StreamIngestionData, {BTC_JPY RUNNING 2024-08-31T00:12:11.4190749Z 2.1016594e+07 8.657381e+06 8.663546e+06 0.02 0.02 274.09796611 302.40356929 0 0 8.658509e+06 917.09124719 917.09124719}
2024/08/31 09:12:12 streamdate.go:17: action=StreamIngestionData, {BTC_JPY RUNNING 2024-08-31T00:12:12.0749022Z 2.1016603e+07 8.657362e+06 8.663542e+06 0.02 0.02 274.09836221 302.42087969 0 0 8.658509e+06 917.09124719 917.09124719}
2024/08/31 09:12:12 streamdate.go:17: action=StreamIngestionData, {BTC_JPY RUNNING 2024-08-31T00:12:12.7431013Z 2.1016606e+07 8.657362e+06 8.663542e+06 0.02 0.02 274.09598551 302.42087969 0 0 8.658509e+06 917.09124719 917.09124719}
2024/08/31 09:16:33 bitflyer.go:181: connecting to wss://ws.lightstream.bitflyer.com/json-rpc
2024/08/31 09:16:34 candle.go:80: Error - CreateCandleWithDuration : table BTC_JPY_1s has no column named hight
2024/08/31 09:16:34 candle.go:80: Error - CreateCandleWithDuration : table BTC_JPY_1m0s has no column named hight
2024/08/31 09:16:34 candle.go:80: Error - CreateCandleWithDuration : table BTC_JPY_1h0m0s has no column named hight
2024/08/31 09:16:35 candle.go:80: Error - CreateCandleWithDuration : table BTC_JPY_1m0s has no column named hight
2024/08/31 09:16:35 candle.go:80: Error - CreateCandleWithDuration : table BTC_JPY_1h0m0s has no column named hight
2024/08/31 09:16:35 candle.go:80: Error - CreateCandleWithDuration : table BTC_JPY_1s has no column named hight
2024/08/31 09:16:36 candle.go:80: Error - CreateCandleWithDuration : table BTC_JPY_1s has no column named hight
2024/08/31 09:16:36 candle.go:80: Error - CreateCandleWithDuration : table BTC_JPY_1m0s has no column named hight
2024/08/31 09:16:36 candle.go:80: Error - CreateCandleWithDuration : table BTC_JPY_1h0m0s has no column named hight
2024/08/31 09:16:36 candle.go:80: Error - CreateCandleWithDuration : table BTC_JPY_1s has no column named hight
2024/08/31 09:16:36 candle.go:80: Error - CreateCandleWithDuration : table BTC_JPY_1m0s has no column named hight
2024/08/31 09:16:36 candle.go:80: Error - CreateCandleWithDuration : table BTC_JPY_1h0m0s has no column named hight
2024/08/31 09:16:37 candle.go:80: Error - CreateCandleWithDuration : table BTC_JPY_1s has no column named hight
2024/08/31 09:16:37 candle.go:80: Error - CreateCandleWithDuration : table BTC_JPY_1m0s has no column named hight
2024/08/31 09:16:37 candle.go:80: Error - CreateCandleWithDuration : table BTC_JPY_1h0m0s has no column named hight
2024/08/31 09:16:38 candle.go:80: Error - CreateCandleWithDuration : table BTC_JPY_1s has no column named hight
2024/08/31 09:16:38 candle.go:80: Error - CreateCandleWithDuration : table BTC_JPY_1m0s has no column named hight
2024/08/31 09:16:38 candle.go:80: Error - CreateCandleWithDuration : table BTC_JPY_1h0m0s has no column named hight
2024/08/31 09:16:38 candle.go:80: Error - CreateCandleWithDuration : table BTC_JPY_1s has no column named hight
2024/08/31 09:16:38 candle.go:80: Error - CreateCandleWithDuration : table BTC_JPY_1m0s has no column named hight
2024/08/31 09:16:38 candle.go:80: Error - CreateCandleWithDuration : table BTC_JPY_1h0m0s has no column named hight
2024/08/31 09:16:39 candle.go:80: Error - CreateCandleWithDuration : table BTC_JPY_1s has no column named hight
2024/08/31 09:16:39 candle.go:80: Error - CreateCandleWithDuration : table BTC_JPY_1m0s has no column named hight
2024/08/31 09:16:39 candle.go:80: Error - CreateCandleWithDuration : table BTC_JPY_1h0m0s has no column named hight
2024/08/31 09:16:40 candle.go:80: Error - CreateCandleWithDuration : table BTC_JPY_1s has no column named hight
2024/08/31 09:16:40 candle.go:80: Error - CreateCandleWithDuration : table BTC_JPY_1m0s has no column named hight
2024/08/31 09:16:40 candle.go:80: Error - CreateCandleWithDuration : table BTC_JPY_1h0m0s has no column named hight
2024/08/31 09:16:40 candle.go:80: Error - CreateCandleWithDuration : table BTC_JPY_1s has no column named hight
2024/08/31 09:16:40 candle.go:80: Error - CreateCandleWithDuration : table BTC_JPY_1m0s has no column named hight
2024/08/31 09:16:40 candle.go:80: Error - CreateCandleWithDuration : table BTC_JPY_1h0m0s has no column named hight
2024/08/31 09:16:41 candle.go:80: Error - CreateCandleWithDuration : table BTC_JPY_1h0m0s has no column named hight
2024/08/31 09:16:41 candle.go:80: Error - CreateCandleWithDuration : table BTC_JPY_1s has no column named hight
2024/08/31 09:16:41 candle.go:80: Error - CreateCandleWithDuration : table BTC_JPY_1m0s has no column named hight
2024/08/31 09:16:42 candle.go:80: Error - CreateCandleWithDuration : table BTC_JPY_1s has no column named hight
2024/08/31 09:16:42 candle.go:80: Error - CreateCandleWithDuration : table BTC_JPY_1m0s has no column named hight
2024/08/31 09:16:42 candle.go:80: Error - CreateCandleWithDuration : table BTC_JPY_1h0m0s has no column named hight
2024/08/31 09:16:43 candle.go:80: Error - CreateCandleWithDuration : table BTC_JPY_1s has no column named hight
2024/08/31 09:16:43 candle.go:80: Error - CreateCandleWithDuration : table BTC_JPY_1m0s has no column named hight
2024/08/31 09:16:43 candle.go:80: Error - CreateCandleWithDuration : table BTC_JPY_1h0m0s has no column named hight
2024/08/31 09:20:46 bitflyer.go:181: connecting to wss://ws.lightstream.bitflyer.com/json-rpc
2024/08/31 09:20:47 candle.go:60: Error - Candle Save : near "WHERE": syntax error
2024/08/31 09:20:47 candle.go:60: Error - Candle Save : near "WHERE": syntax error
2024/08/31 09:20:47 candle.go:60: Error - Candle Save : near "WHERE": syntax error
2024/08/31 09:20:48 candle.go:60: Error - Candle Save : near "WHERE": syntax error
2024/08/31 09:20:48 candle.go:60: Error - Candle Save : near "WHERE": syntax error
2024/08/31 09:20:48 candle.go:60: Error - Candle Save : near "WHERE": syntax error
2024/08/31 09:20:48 candle.go:60: Error - Candle Save : near "WHERE": syntax error
2024/08/31 09:20:48 candle.go:60: Error - Candle Save : near "WHERE": syntax error
2024/08/31 09:20:49 candle.go:60: Error - Candle Save : near "WHERE": syntax error
2024/08/31 09:20:49 candle.go:60: Error - Candle Save : near "WHERE": syntax error
2024/08/31 09:20:50 candle.go:60: Error - Candle Save : near "WHERE": syntax error
2024/08/31 09:20:50 candle.go:60: Error - Candle Save : near "WHERE": syntax error
2024/08/31 09:20:50 candle.go:60: Error - Candle Save : near "WHERE": syntax error
2024/08/31 09:20:50 candle.go:60: Error - Candle Save : near "WHERE": syntax error
2024/08/31 09:20:50 candle.go:60: Error - Candle Save : near "WHERE": syntax error
2024/08/31 09:20:51 candle.go:60: Error - Candle Save : near "WHERE": syntax error
2024/08/31 09:20:51 candle.go:60: Error - Candle Save : near "WHERE": syntax error
2024/08/31 09:20:51 candle.go:60: Error - Candle Save : near "WHERE": syntax error
2024/08/31 09:20:51 candle.go:60: Error - Candle Save : near "WHERE": syntax error
2024/08/31 09:20:51 candle.go:60: Error - Candle Save : near "WHERE": syntax error
2024/08/31 09:20:52 candle.go:60: Error - Candle Save : near "WHERE": syntax error
2024/08/31 09:20:52 candle.go:60: Error - Candle Save : near "WHERE": syntax error
2024/08/31 09:20:52 candle.go:60: Error - Candle Save : near "WHERE": syntax error
2024/08/31 09:20:52 candle.go:60: Error - Candle Save : near "WHERE": syntax error
2024/08/31 09:20:52 candle.go:60: Error - Candle Save : near "WHERE": syntax error
2024/08/31 09:20:53 candle.go:60: Error - Candle Save : near "WHERE": syntax error
2024/08/31 09:20:53 candle.go:60: Error - Candle Save : near "WHERE": syntax error
2024/08/31 09:20:53 candle.go:60: Error - Candle Save : near "WHERE": syntax error
2024/08/31 09:20:53 candle.go:60: Error - Candle Save : near "WHERE": syntax error
2024/08/31 09:20:53 candle.go:60: Error - Candle Save : near "WHERE": syntax error
2024/08/31 09:22:06 bitflyer.go:181: connecting to wss://ws.lightstream.bitflyer.com/json-rpc
2024/08/31 10:33:14 bitflyer.go:181: connecting to wss://ws.lightstream.bitflyer.com/json-rpc
2024/08/31 10:33:55 bitflyer.go:181: connecting to wss://ws.lightstream.bitflyer.com/json-rpc
2024/08/31 10:34:16 bitflyer.go:181: connecting to wss://ws.lightstream.bitflyer.com/json-rpc
2024/08/31 10:35:34 bitflyer.go:181: connecting to wss://ws.lightstream.bitflyer.com/json-rpc
2024/08/31 10:50:47 bitflyer.go:181: connecting to wss://ws.lightstream.bitflyer.com/json-rpc
2024/08/31 10:52:17 bitflyer.go:181: connecting to wss://ws.lightstream.bitflyer.com/json-rpc
2024/08/31 10:52:58 bitflyer.go:181: connecting to wss://ws.lightstream.bitflyer.com/json-rpc
2024/08/31 10:53:58 bitflyer.go:181: connecting to wss://ws.lightstream.bitflyer.com/json-rpc
2024/08/31 11:05:52 bitflyer.go:181: connecting to wss://ws.lightstream.bitflyer.com/json-rpc
2024/08/31 11:19:05 bitflyer.go:181: connecting to wss://ws.lightstream.bitflyer.com/json-rpc
2024/08/31 11:19:49 bitflyer.go:181: connecting to wss://ws.lightstream.bitflyer.com/json-rpc
2024/08/31 11:30:35 bitflyer.go:181: connecting to wss://ws.lightstream.bitflyer.com/json-rpc
2024/08/31 11:31:35 bitflyer.go:181: connecting to wss://ws.lightstream.bitflyer.com/json-rpc
2024/08/31 11:55:33 bitflyer.go:181: connecting to wss://ws.lightstream.bitflyer.com/json-rpc
2024/08/31 11:55:40 server.go:3489: http: panic serving [::1]:56271: runtime error: invalid memory address or nil pointer dereference
goroutine 5 [running]:
net/http.(*conn).serve.func1()
	/Users/mackay/.local/share/mise/installs/go/1.23.0/go/src/net/http/server.go:1947 +0x118
panic({0x1053ee780?, 0x1056b0d20?})
	/Users/mackay/.local/share/mise/installs/go/1.23.0/go/src/runtime/panic.go:785 +0xf0
go-trade/app/models.(*DataFrameCandle).AddSma(0x0, 0x7)
	/Users/mackay/Repository/github.com/Hiro-mackay/go-trade/app/models/dfcandle.go:67 +0x2c
go-trade/app/controllers.apiCandleHandler({0x10545d0c8, 0x14000246620}, 0x140002348c0)
	/Users/mackay/Repository/github.com/Hiro-mackay/go-trade/app/controllers/webserver.go:71 +0x3ec
go-trade/app/controllers.apiMakeHandler.func1({0x10545d0c8, 0x14000246620}, 0x140002348c0)
	/Users/mackay/Repository/github.com/Hiro-mackay/go-trade/app/controllers/webserver.go:30 +0x7c
net/http.HandlerFunc.ServeHTTP(0x140001112a0, {0x10545d0c8, 0x14000246620}, 0x140002348c0)
	/Users/mackay/.local/share/mise/installs/go/1.23.0/go/src/net/http/server.go:2220 +0x40
net/http.(*ServeMux).ServeHTTP(0x1056fd1c0, {0x10545d0c8, 0x14000246620}, 0x140002348c0)
	/Users/mackay/.local/share/mise/installs/go/1.23.0/go/src/net/http/server.go:2747 +0x2dc
net/http.serverHandler.ServeHTTP({0x140001981e0}, {0x10545d0c8, 0x14000246620}, 0x140002348c0)
	/Users/mackay/.local/share/mise/installs/go/1.23.0/go/src/net/http/server.go:3210 +0x2b0
net/http.(*conn).serve(0x140000fe360, {0x10545d7e8, 0x140000a26e0})
	/Users/mackay/.local/share/mise/installs/go/1.23.0/go/src/net/http/server.go:2092 +0x1604
created by net/http.(*Server).Serve in goroutine 1
	/Users/mackay/.local/share/mise/installs/go/1.23.0/go/src/net/http/server.go:3360 +0x88c
2024/08/31 11:55:40 server.go:3489: http: panic serving [::1]:56273: runtime error: invalid memory address or nil pointer dereference
goroutine 42 [running]:
net/http.(*conn).serve.func1()
	/Users/mackay/.local/share/mise/installs/go/1.23.0/go/src/net/http/server.go:1947 +0x118
panic({0x1053ee780?, 0x1056b0d20?})
	/Users/mackay/.local/share/mise/installs/go/1.23.0/go/src/runtime/panic.go:785 +0xf0
go-trade/app/models.(*DataFrameCandle).AddSma(0x0, 0x7)
	/Users/mackay/Repository/github.com/Hiro-mackay/go-trade/app/models/dfcandle.go:67 +0x2c
go-trade/app/controllers.apiCandleHandler({0x10545d0c8, 0x140002467e0}, 0x14000234a00)
	/Users/mackay/Repository/github.com/Hiro-mackay/go-trade/app/controllers/webserver.go:71 +0x3ec
go-trade/app/controllers.apiMakeHandler.func1({0x10545d0c8, 0x140002467e0}, 0x14000234a00)
	/Users/mackay/Repository/github.com/Hiro-mackay/go-trade/app/controllers/webserver.go:30 +0x7c
net/http.HandlerFunc.ServeHTTP(0x140001112a0, {0x10545d0c8, 0x140002467e0}, 0x14000234a00)
	/Users/mackay/.local/share/mise/installs/go/1.23.0/go/src/net/http/server.go:2220 +0x40
net/http.(*ServeMux).ServeHTTP(0x1056fd1c0, {0x10545d0c8, 0x140002467e0}, 0x14000234a00)
	/Users/mackay/.local/share/mise/installs/go/1.23.0/go/src/net/http/server.go:2747 +0x2dc
net/http.serverHandler.ServeHTTP({0x140001981e0}, {0x10545d0c8, 0x140002467e0}, 0x14000234a00)
	/Users/mackay/.local/share/mise/installs/go/1.23.0/go/src/net/http/server.go:3210 +0x2b0
net/http.(*conn).serve(0x140002307e0, {0x10545d7e8, 0x1400023c870})
	/Users/mackay/.local/share/mise/installs/go/1.23.0/go/src/net/http/server.go:2092 +0x1604
created by net/http.(*Server).Serve in goroutine 1
	/Users/mackay/.local/share/mise/installs/go/1.23.0/go/src/net/http/server.go:3360 +0x88c
2024/08/31 11:57:42 bitflyer.go:181: connecting to wss://ws.lightstream.bitflyer.com/json-rpc
2024/08/31 11:59:28 bitflyer.go:181: connecting to wss://ws.lightstream.bitflyer.com/json-rpc
2024/08/31 11:59:58 bitflyer.go:181: connecting to wss://ws.lightstream.bitflyer.com/json-rpc
2024/08/31 12:04:55 bitflyer.go:181: connecting to wss://ws.lightstream.bitflyer.com/json-rpc
2024/08/31 12:07:27 bitflyer.go:181: connecting to wss://ws.lightstream.bitflyer.com/json-rpc
2024/08/31 12:27:04 bitflyer.go:181: connecting to wss://ws.lightstream.bitflyer.com/json-rpc
2024/08/31 12:29:02 bitflyer.go:181: connecting to wss://ws.lightstream.bitflyer.com/json-rpc
2024/08/31 12:33:16 bitflyer.go:181: connecting to wss://ws.lightstream.bitflyer.com/json-rpc
